-------------------------------------------------------------------------------
Test set: com.idp6.quotation_management2.QuotationManagement2ApplicationTests
-------------------------------------------------------------------------------
Tests run: 1, Failures: 0, Errors: 1, Skipped: 0, Time elapsed: 0.255 s <<< FAILURE! - in com.idp6.quotation_management2.QuotationManagement2ApplicationTests
com.idp6.quotation_management2.QuotationManagement2ApplicationTests  Time elapsed: 0.254 s  <<< ERROR!
java.lang.IllegalStateException: Unable to find a @SpringBootConfiguration, you need to use @ContextConfiguration or @SpringBootTest(classes=...) with your test

